{
  "meta": {
    "format": 2,
    "version": "7.4.4",
    "timestamp": "2024-03-27T20:37:55.913424",
    "branch_coverage": false,
    "show_contexts": false
  },
  "files": {
    "tests/__init__.py": {
      "executed_lines": [
        0
      ],
      "summary": {
        "covered_lines": 0,
        "num_statements": 0,
        "percent_covered": 100.0,
        "percent_covered_display": "100",
        "missing_lines": 0,
        "excluded_lines": 0
      },
      "missing_lines": [],
      "excluded_lines": []
    }
  },
  "totals": {
    "covered_lines": 0,
    "num_statements": 0,
    "percent_covered": 100.0,
    "percent_covered_display": "100",
    "missing_lines": 0,
    "excluded_lines": 0
  }
}